<?xml version="1.0" encoding="UTF-8"?>
<!-- Generated by org.testng.reporters.JUnitReportReporter -->
<testsuite skipped="0" hostname="PavitraRahul" name="rahulProjectTest.ECommerce_Tc_4" tests="1" failures="0" timestamp="26 Mar 2023 06:09:33 GMT" time="21.103" errors="0">
  <testcase name="handleWebView" time="21.103" classname="rahulProjectTest.ECommerce_Tc_4"/>
</testsuite> <!-- rahulProjectTest.ECommerce_Tc_4 -->
