<?xml version="1.0" encoding="UTF-8"?>
<!-- Generated by org.testng.reporters.JUnitReportReporter -->
<testsuite skipped="0" hostname="PavitraRahul" name="rahulProjectTest.android.ECommerce_Tc_DataProvider" tests="2" failures="0" timestamp="28 Mar 2023 04:29:59 GMT" time="65.889" errors="0">
  <testcase name="handleWebView" time="30.931" classname="rahulProjectTest.android.ECommerce_Tc_DataProvider"/>
  <testcase name="handleWebView" time="34.958" classname="rahulProjectTest.android.ECommerce_Tc_DataProvider"/>
</testsuite> <!-- rahulProjectTest.android.ECommerce_Tc_DataProvider -->
